0 verbose cli /usr/local/Cellar/node/23.5.0/bin/node /usr/local/bin/npm
1 info using npm@10.9.2
2 info using node@v23.5.0
3 silly config load:file:/usr/local/lib/node_modules/npm/npmrc
4 silly config load:file:/Users/bram/Documents/times-table-fsrs/.npmrc
5 silly config load:file:/Users/bram/.npmrc
6 silly config load:file:/usr/local/etc/npmrc
7 verbose title npm install
8 verbose argv "install"
9 verbose logfile logs-max:10 dir:/Users/bram/Documents/times-table-fsrs/.npm-logs/2025-10-20T18_57_34_389Z-
10 verbose logfile /Users/bram/Documents/times-table-fsrs/.npm-logs/2025-10-20T18_57_34_389Z-debug-0.log
11 silly logfile done cleaning log files
12 silly packumentCache heap:2197815296 maxSize:549453824 maxEntrySize:274726912
13 silly idealTree buildDeps
14 http fetch GET https://registry.npmjs.org/npm attempt 1 failed with ENOTFOUND
15 silly reify mark retired [ '/Users/bram/Documents/times-table-fsrs/node_modules/caniuse-lite' ]
16 silly reify mark retired [ '/Users/bram/Documents/times-table-fsrs/node_modules/chownr' ]
17 silly reify mark retired [ '/Users/bram/Documents/times-table-fsrs/node_modules/color' ]
18 silly reify mark retired [ '/Users/bram/Documents/times-table-fsrs/node_modules/detect-libc' ]
19 silly reify mark retired [
19 silly reify   '/Users/bram/Documents/times-table-fsrs/node_modules/enhanced-resolve'
19 silly reify ]
20 silly reify mark retired [ '/Users/bram/Documents/times-table-fsrs/node_modules/jiti' ]
21 silly reify mark retired [ '/Users/bram/Documents/times-table-fsrs/node_modules/lightningcss' ]
22 silly reify mark retired [
22 silly reify   '/Users/bram/Documents/times-table-fsrs/node_modules/lightningcss-darwin-x64'
22 silly reify ]
23 silly reify mark retired [
23 silly reify   '/Users/bram/Documents/times-table-fsrs/node_modules/lightningcss-darwin-arm64'
23 silly reify ]
24 silly reify mark retired [
24 silly reify   '/Users/bram/Documents/times-table-fsrs/node_modules/lightningcss-linux-arm64-musl'
24 silly reify ]
25 silly reify mark retired [
25 silly reify   '/Users/bram/Documents/times-table-fsrs/node_modules/lightningcss-freebsd-x64'
25 silly reify ]
26 silly reify mark retired [
26 silly reify   '/Users/bram/Documents/times-table-fsrs/node_modules/lightningcss-linux-x64-gnu'
26 silly reify ]
27 silly reify mark retired [
27 silly reify   '/Users/bram/Documents/times-table-fsrs/node_modules/lightningcss-linux-arm-gnueabihf'
27 silly reify ]
28 silly reify mark retired [
28 silly reify   '/Users/bram/Documents/times-table-fsrs/node_modules/lightningcss-win32-arm64-msvc'
28 silly reify ]
29 silly reify mark retired [
29 silly reify   '/Users/bram/Documents/times-table-fsrs/node_modules/lightningcss-linux-arm64-gnu'
29 silly reify ]
30 silly reify mark retired [
30 silly reify   '/Users/bram/Documents/times-table-fsrs/node_modules/lightningcss-linux-x64-musl'
30 silly reify ]
31 silly reify mark retired [
31 silly reify   '/Users/bram/Documents/times-table-fsrs/node_modules/lightningcss-win32-x64-msvc'
31 silly reify ]
32 silly reify mark retired [ '/Users/bram/Documents/times-table-fsrs/node_modules/minizlib' ]
33 silly reify mark retired [ '/Users/bram/Documents/times-table-fsrs/node_modules/mkdirp' ]
34 silly reify mark retired [ '/Users/bram/Documents/times-table-fsrs/node_modules/magic-string' ]
35 silly reify mark retired [ '/Users/bram/Documents/times-table-fsrs/node_modules/next' ]
36 silly reify mark retired [ '/Users/bram/Documents/times-table-fsrs/node_modules/sharp' ]
37 silly reify mark retired [ '/Users/bram/Documents/times-table-fsrs/node_modules/styled-jsx' ]
38 silly reify mark retired [ '/Users/bram/Documents/times-table-fsrs/node_modules/tapable' ]
39 silly reify mark retired [ '/Users/bram/Documents/times-table-fsrs/node_modules/tailwindcss' ]
40 silly reify mark retired [ '/Users/bram/Documents/times-table-fsrs/node_modules/tar' ]
41 silly reify mark retired [ '/Users/bram/Documents/times-table-fsrs/node_modules/ts-fsrs' ]
42 silly reify mark retired [ '/Users/bram/Documents/times-table-fsrs/node_modules/typescript' ]
43 silly reify mark retired [ '/Users/bram/Documents/times-table-fsrs/node_modules/yallist' ]
44 silly reify mark retired [
44 silly reify   '/Users/bram/Documents/times-table-fsrs/node_modules/@biomejs/biome'
44 silly reify ]
45 silly reify mark retired [
45 silly reify   '/Users/bram/Documents/times-table-fsrs/node_modules/@biomejs/cli-darwin-x64'
45 silly reify ]
46 silly reify mark retired [
46 silly reify   '/Users/bram/Documents/times-table-fsrs/node_modules/@biomejs/cli-linux-arm64'
46 silly reify ]
47 silly reify mark retired [
47 silly reify   '/Users/bram/Documents/times-table-fsrs/node_modules/@biomejs/cli-linux-x64'
47 silly reify ]
48 silly reify mark retired [
48 silly reify   '/Users/bram/Documents/times-table-fsrs/node_modules/@biomejs/cli-darwin-arm64'
48 silly reify ]
49 silly reify mark retired [
49 silly reify   '/Users/bram/Documents/times-table-fsrs/node_modules/@biomejs/cli-win32-arm64'
49 silly reify ]
50 silly reify mark retired [
50 silly reify   '/Users/bram/Documents/times-table-fsrs/node_modules/@biomejs/cli-linux-x64-musl'
50 silly reify ]
51 silly reify mark retired [
51 silly reify   '/Users/bram/Documents/times-table-fsrs/node_modules/@emnapi/runtime'
51 silly reify ]
52 silly reify mark retired [
52 silly reify   '/Users/bram/Documents/times-table-fsrs/node_modules/@biomejs/cli-win32-x64'
52 silly reify ]
53 silly reify mark retired [
53 silly reify   '/Users/bram/Documents/times-table-fsrs/node_modules/@biomejs/cli-linux-arm64-musl'
53 silly reify ]
54 silly reify mark retired [
54 silly reify   '/Users/bram/Documents/times-table-fsrs/node_modules/@img/sharp-darwin-arm64'
54 silly reify ]
55 silly reify mark retired [
55 silly reify   '/Users/bram/Documents/times-table-fsrs/node_modules/@img/sharp-darwin-x64'
55 silly reify ]
56 silly reify mark retired [
56 silly reify   '/Users/bram/Documents/times-table-fsrs/node_modules/@img/sharp-libvips-linux-arm'
56 silly reify ]
57 silly reify mark retired [
57 silly reify   '/Users/bram/Documents/times-table-fsrs/node_modules/@img/sharp-libvips-linux-s390x'
57 silly reify ]
58 silly reify mark retired [
58 silly reify   '/Users/bram/Documents/times-table-fsrs/node_modules/@img/sharp-libvips-linux-x64'
58 silly reify ]
59 silly reify mark retired [
59 silly reify   '/Users/bram/Documents/times-table-fsrs/node_modules/@img/sharp-libvips-linux-ppc64'
59 silly reify ]
60 silly reify mark retired [
60 silly reify   '/Users/bram/Documents/times-table-fsrs/node_modules/@img/sharp-libvips-linuxmusl-arm64'
60 silly reify ]
61 silly reify mark retired [
61 silly reify   '/Users/bram/Documents/times-table-fsrs/node_modules/@img/sharp-linux-arm'
61 silly reify ]
62 silly reify mark retired [
62 silly reify   '/Users/bram/Documents/times-table-fsrs/node_modules/@img/sharp-libvips-linuxmusl-x64'
62 silly reify ]
63 silly reify mark retired [
63 silly reify   '/Users/bram/Documents/times-table-fsrs/node_modules/@img/sharp-linux-ppc64'
63 silly reify ]
64 silly reify mark retired [
64 silly reify   '/Users/bram/Documents/times-table-fsrs/node_modules/@img/sharp-libvips-darwin-arm64'
64 silly reify ]
65 silly reify mark retired [
65 silly reify   '/Users/bram/Documents/times-table-fsrs/node_modules/@img/sharp-linux-s390x'
65 silly reify ]
66 silly reify mark retired [
66 silly reify   '/Users/bram/Documents/times-table-fsrs/node_modules/@img/sharp-linuxmusl-arm64'
66 silly reify ]
67 silly reify mark retired [
67 silly reify   '/Users/bram/Documents/times-table-fsrs/node_modules/@img/sharp-linuxmusl-x64'
67 silly reify ]
68 silly reify mark retired [
68 silly reify   '/Users/bram/Documents/times-table-fsrs/node_modules/@img/sharp-linux-x64'
68 silly reify ]
69 silly reify mark retired [
69 silly reify   '/Users/bram/Documents/times-table-fsrs/node_modules/@img/sharp-wasm32'
69 silly reify ]
70 silly reify mark retired [
70 silly reify   '/Users/bram/Documents/times-table-fsrs/node_modules/@img/sharp-win32-arm64'
70 silly reify ]
71 silly reify mark retired [
71 silly reify   '/Users/bram/Documents/times-table-fsrs/node_modules/@img/sharp-win32-ia32'
71 silly reify ]
72 silly reify mark retired [
72 silly reify   '/Users/bram/Documents/times-table-fsrs/node_modules/@img/sharp-win32-x64'
72 silly reify ]
73 silly reify mark retired [
73 silly reify   '/Users/bram/Documents/times-table-fsrs/node_modules/@jridgewell/gen-mapping'
73 silly reify ]
74 silly reify mark retired [
74 silly reify   '/Users/bram/Documents/times-table-fsrs/node_modules/@isaacs/fs-minipass'
74 silly reify ]
75 silly reify mark retired [
75 silly reify   '/Users/bram/Documents/times-table-fsrs/node_modules/@jridgewell/sourcemap-codec'
75 silly reify ]
76 silly reify mark retired [
76 silly reify   '/Users/bram/Documents/times-table-fsrs/node_modules/@jridgewell/trace-mapping'
76 silly reify ]
77 silly reify mark retired [
77 silly reify   '/Users/bram/Documents/times-table-fsrs/node_modules/@jridgewell/remapping'
77 silly reify ]
78 silly reify mark retired [ '/Users/bram/Documents/times-table-fsrs/node_modules/@next/env' ]
79 silly reify mark retired [
79 silly reify   '/Users/bram/Documents/times-table-fsrs/node_modules/@next/swc-darwin-arm64'
79 silly reify ]
80 silly reify mark retired [
80 silly reify   '/Users/bram/Documents/times-table-fsrs/node_modules/@next/swc-darwin-x64'
80 silly reify ]
81 silly reify mark retired [
81 silly reify   '/Users/bram/Documents/times-table-fsrs/node_modules/@next/swc-linux-arm64-gnu'
81 silly reify ]
82 silly reify mark retired [
82 silly reify   '/Users/bram/Documents/times-table-fsrs/node_modules/@next/swc-linux-arm64-musl'
82 silly reify ]
83 silly reify mark retired [
83 silly reify   '/Users/bram/Documents/times-table-fsrs/node_modules/@next/swc-linux-x64-musl'
83 silly reify ]
84 silly reify mark retired [
84 silly reify   '/Users/bram/Documents/times-table-fsrs/node_modules/@next/swc-win32-arm64-msvc'
84 silly reify ]
85 silly reify mark retired [
85 silly reify   '/Users/bram/Documents/times-table-fsrs/node_modules/@next/swc-win32-x64-msvc'
85 silly reify ]
86 silly reify mark retired [ '/Users/bram/Documents/times-table-fsrs/node_modules/@swc/helpers' ]
87 silly reify mark retired [
87 silly reify   '/Users/bram/Documents/times-table-fsrs/node_modules/@tailwindcss/oxide'
87 silly reify ]
88 silly reify mark retired [
88 silly reify   '/Users/bram/Documents/times-table-fsrs/node_modules/@next/swc-linux-x64-gnu'
88 silly reify ]
89 silly reify mark retired [
89 silly reify   '/Users/bram/Documents/times-table-fsrs/node_modules/@tailwindcss/node'
89 silly reify ]
90 silly reify mark retired [
90 silly reify   '/Users/bram/Documents/times-table-fsrs/node_modules/@tailwindcss/oxide-android-arm64'
90 silly reify ]
91 silly reify mark retired [
91 silly reify   '/Users/bram/Documents/times-table-fsrs/node_modules/@tailwindcss/oxide-darwin-arm64'
91 silly reify ]
92 silly reify mark retired [
92 silly reify   '/Users/bram/Documents/times-table-fsrs/node_modules/@tailwindcss/oxide-darwin-x64'
92 silly reify ]
93 silly reify mark retired [
93 silly reify   '/Users/bram/Documents/times-table-fsrs/node_modules/@tailwindcss/oxide-freebsd-x64'
93 silly reify ]
94 silly reify mark retired [
94 silly reify   '/Users/bram/Documents/times-table-fsrs/node_modules/@tailwindcss/oxide-linux-arm-gnueabihf'
94 silly reify ]
95 silly reify mark retired [
95 silly reify   '/Users/bram/Documents/times-table-fsrs/node_modules/@tailwindcss/oxide-linux-arm64-gnu'
95 silly reify ]
96 silly reify mark retired [
96 silly reify   '/Users/bram/Documents/times-table-fsrs/node_modules/@tailwindcss/oxide-linux-arm64-musl'
96 silly reify ]
97 silly reify mark retired [
97 silly reify   '/Users/bram/Documents/times-table-fsrs/node_modules/@tailwindcss/oxide-wasm32-wasi'
97 silly reify ]
98 silly reify mark retired [
98 silly reify   '/Users/bram/Documents/times-table-fsrs/node_modules/@tailwindcss/oxide-linux-x64-gnu'
98 silly reify ]
99 silly reify mark retired [
99 silly reify   '/Users/bram/Documents/times-table-fsrs/node_modules/@tailwindcss/oxide-linux-x64-musl'
99 silly reify ]
100 silly reify mark retired [
100 silly reify   '/Users/bram/Documents/times-table-fsrs/node_modules/@tailwindcss/oxide-win32-x64-msvc'
100 silly reify ]
101 silly reify mark retired [
101 silly reify   '/Users/bram/Documents/times-table-fsrs/node_modules/@tailwindcss/postcss'
101 silly reify ]
102 silly reify mark retired [ '/Users/bram/Documents/times-table-fsrs/node_modules/@types/node' ]
103 silly reify mark retired [
103 silly reify   '/Users/bram/Documents/times-table-fsrs/node_modules/@tailwindcss/oxide-win32-arm64-msvc'
103 silly reify ]
104 silly reify mark retired [ '/Users/bram/Documents/times-table-fsrs/node_modules/@types/react' ]
105 silly reify mark retired [
105 silly reify   '/Users/bram/Documents/times-table-fsrs/node_modules/@types/react-dom'
105 silly reify ]
106 silly reify mark retired [
106 silly reify   '/Users/bram/Documents/times-table-fsrs/node_modules/nanoid',
106 silly reify   '/Users/bram/Documents/times-table-fsrs/node_modules/.bin/nanoid'
106 silly reify ]
107 silly reify mark retired [
107 silly reify   '/Users/bram/Documents/times-table-fsrs/node_modules/semver',
107 silly reify   '/Users/bram/Documents/times-table-fsrs/node_modules/.bin/semver'
107 silly reify ]
108 silly reify moves {
108 silly reify   '/Users/bram/Documents/times-table-fsrs/node_modules/caniuse-lite': '/Users/bram/Documents/times-table-fsrs/node_modules/.caniuse-lite-mEpFhrdF',
108 silly reify   '/Users/bram/Documents/times-table-fsrs/node_modules/chownr': '/Users/bram/Documents/times-table-fsrs/node_modules/.chownr-oGdw6X5G',
108 silly reify   '/Users/bram/Documents/times-table-fsrs/node_modules/color': '/Users/bram/Documents/times-table-fsrs/node_modules/.color-jlgBGjgw',
108 silly reify   '/Users/bram/Documents/times-table-fsrs/node_modules/detect-libc': '/Users/bram/Documents/times-table-fsrs/node_modules/.detect-libc-6Lea9sdQ',
108 silly reify   '/Users/bram/Documents/times-table-fsrs/node_modules/enhanced-resolve': '/Users/bram/Documents/times-table-fsrs/node_modules/.enhanced-resolve-eATNLJpa',
108 silly reify   '/Users/bram/Documents/times-table-fsrs/node_modules/jiti': '/Users/bram/Documents/times-table-fsrs/node_modules/.jiti-DJUhkpB9',
108 silly reify   '/Users/bram/Documents/times-table-fsrs/node_modules/lightningcss': '/Users/bram/Documents/times-table-fsrs/node_modules/.lightningcss-hsniPtUB',
108 silly reify   '/Users/bram/Documents/times-table-fsrs/node_modules/lightningcss-darwin-x64': '/Users/bram/Documents/times-table-fsrs/node_modules/.lightningcss-darwin-x64-h1zELHvu',
108 silly reify   '/Users/bram/Documents/times-table-fsrs/node_modules/lightningcss-darwin-arm64': '/Users/bram/Documents/times-table-fsrs/node_modules/.lightningcss-darwin-arm64-6mDwcxPN',
108 silly reify   '/Users/bram/Documents/times-table-fsrs/node_modules/lightningcss-linux-arm64-musl': '/Users/bram/Documents/times-table-fsrs/node_modules/.lightningcss-linux-arm64-musl-xh5EHp0o',
108 silly reify   '/Users/bram/Documents/times-table-fsrs/node_modules/lightningcss-freebsd-x64': '/Users/bram/Documents/times-table-fsrs/node_modules/.lightningcss-freebsd-x64-aM5FdUBj',
108 silly reify   '/Users/bram/Documents/times-table-fsrs/node_modules/lightningcss-linux-x64-gnu': '/Users/bram/Documents/times-table-fsrs/node_modules/.lightningcss-linux-x64-gnu-SAhQn5uc',
108 silly reify   '/Users/bram/Documents/times-table-fsrs/node_modules/lightningcss-linux-arm-gnueabihf': '/Users/bram/Documents/times-table-fsrs/node_modules/.lightningcss-linux-arm-gnueabihf-WajB8Mv7',
108 silly reify   '/Users/bram/Documents/times-table-fsrs/node_modules/lightningcss-win32-arm64-msvc': '/Users/bram/Documents/times-table-fsrs/node_modules/.lightningcss-win32-arm64-msvc-mEbJC0Sg',
108 silly reify   '/Users/bram/Documents/times-table-fsrs/node_modules/lightningcss-linux-arm64-gnu': '/Users/bram/Documents/times-table-fsrs/node_modules/.lightningcss-linux-arm64-gnu-Sd4P8u8p',
108 silly reify   '/Users/bram/Documents/times-table-fsrs/node_modules/lightningcss-linux-x64-musl': '/Users/bram/Documents/times-table-fsrs/node_modules/.lightningcss-linux-x64-musl-2HUCVjvw',
108 silly reify   '/Users/bram/Documents/times-table-fsrs/node_modules/lightningcss-win32-x64-msvc': '/Users/bram/Documents/times-table-fsrs/node_modules/.lightningcss-win32-x64-msvc-YCx7kmw1',
108 silly reify   '/Users/bram/Documents/times-table-fsrs/node_modules/minizlib': '/Users/bram/Documents/times-table-fsrs/node_modules/.minizlib-nMGtpADq',
108 silly reify   '/Users/bram/Documents/times-table-fsrs/node_modules/mkdirp': '/Users/bram/Documents/times-table-fsrs/node_modules/.mkdirp-TOHZC5ze',
108 silly reify   '/Users/bram/Documents/times-table-fsrs/node_modules/magic-string': '/Users/bram/Documents/times-table-fsrs/node_modules/.magic-string-X6aDmQWr',
108 silly reify   '/Users/bram/Documents/times-table-fsrs/node_modules/next': '/Users/bram/Documents/times-table-fsrs/node_modules/.next-XM1rGyVo',
108 silly reify   '/Users/bram/Documents/times-table-fsrs/node_modules/sharp': '/Users/bram/Documents/times-table-fsrs/node_modules/.sharp-VzruzvzU',
108 silly reify   '/Users/bram/Documents/times-table-fsrs/node_modules/styled-jsx': '/Users/bram/Documents/times-table-fsrs/node_modules/.styled-jsx-ClqbcVOw',
108 silly reify   '/Users/bram/Documents/times-table-fsrs/node_modules/tapable': '/Users/bram/Documents/times-table-fsrs/node_modules/.tapable-BfpMLDSJ',
108 silly reify   '/Users/bram/Documents/times-table-fsrs/node_modules/tailwindcss': '/Users/bram/Documents/times-table-fsrs/node_modules/.tailwindcss-BitDz5ww',
108 silly reify   '/Users/bram/Documents/times-table-fsrs/node_modules/tar': '/Users/bram/Documents/times-table-fsrs/node_modules/.tar-Gx3S8yPU',
108 silly reify   '/Users/bram/Documents/times-table-fsrs/node_modules/ts-fsrs': '/Users/bram/Documents/times-table-fsrs/node_modules/.ts-fsrs-HyWyshJH',
108 silly reify   '/Users/bram/Documents/times-table-fsrs/node_modules/typescript': '/Users/bram/Documents/times-table-fsrs/node_modules/.typescript-jxTOA4kG',
108 silly reify   '/Users/bram/Documents/times-table-fsrs/node_modules/yallist': '/Users/bram/Documents/times-table-fsrs/node_modules/.yallist-JbGpEjPa',
108 silly reify   '/Users/bram/Documents/times-table-fsrs/node_modules/@biomejs/biome': '/Users/bram/Documents/times-table-fsrs/node_modules/@biomejs/.biome-wQ7yGA3H',
108 silly reify   '/Users/bram/Documents/times-table-fsrs/node_modules/@biomejs/cli-darwin-x64': '/Users/bram/Documents/times-table-fsrs/node_modules/@biomejs/.cli-darwin-x64-8rCf2C8A',
108 silly reify   '/Users/bram/Documents/times-table-fsrs/node_modules/@biomejs/cli-linux-arm64': '/Users/bram/Documents/times-table-fsrs/node_modules/@biomejs/.cli-linux-arm64-bNuumkx1',
108 silly reify   '/Users/bram/Documents/times-table-fsrs/node_modules/@biomejs/cli-linux-x64': '/Users/bram/Documents/times-table-fsrs/node_modules/@biomejs/.cli-linux-x64-FcjtdLyq',
108 silly reify   '/Users/bram/Documents/times-table-fsrs/node_modules/@biomejs/cli-darwin-arm64': '/Users/bram/Documents/times-table-fsrs/node_modules/@biomejs/.cli-darwin-arm64-oq97BrBP',
108 silly reify   '/Users/bram/Documents/times-table-fsrs/node_modules/@biomejs/cli-win32-arm64': '/Users/bram/Documents/times-table-fsrs/node_modules/@biomejs/.cli-win32-arm64-0xuqTeW1',
108 silly reify   '/Users/bram/Documents/times-table-fsrs/node_modules/@biomejs/cli-linux-x64-musl': '/Users/bram/Documents/times-table-fsrs/node_modules/@biomejs/.cli-linux-x64-musl-NDC5rwCn',
108 silly reify   '/Users/bram/Documents/times-table-fsrs/node_modules/@emnapi/runtime': '/Users/bram/Documents/times-table-fsrs/node_modules/@emnapi/.runtime-TbJckaeh',
108 silly reify   '/Users/bram/Documents/times-table-fsrs/node_modules/@biomejs/cli-win32-x64': '/Users/bram/Documents/times-table-fsrs/node_modules/@biomejs/.cli-win32-x64-EIFcH6ij',
108 silly reify   '/Users/bram/Documents/times-table-fsrs/node_modules/@biomejs/cli-linux-arm64-musl': '/Users/bram/Documents/times-table-fsrs/node_modules/@biomejs/.cli-linux-arm64-musl-xRhsdTba',
108 silly reify   '/Users/bram/Documents/times-table-fsrs/node_modules/@img/sharp-darwin-arm64': '/Users/bram/Documents/times-table-fsrs/node_modules/@img/.sharp-darwin-arm64-7CLTk2EC',
108 silly reify   '/Users/bram/Documents/times-table-fsrs/node_modules/@img/sharp-darwin-x64': '/Users/bram/Documents/times-table-fsrs/node_modules/@img/.sharp-darwin-x64-l9aA0ow5',
108 silly reify   '/Users/bram/Documents/times-table-fsrs/node_modules/@img/sharp-libvips-linux-arm': '/Users/bram/Documents/times-table-fsrs/node_modules/@img/.sharp-libvips-linux-arm-tX3XLG4o',
108 silly reify   '/Users/bram/Documents/times-table-fsrs/node_modules/@img/sharp-libvips-linux-s390x': '/Users/bram/Documents/times-table-fsrs/node_modules/@img/.sharp-libvips-linux-s390x-m1gyhQl2',
108 silly reify   '/Users/bram/Documents/times-table-fsrs/node_modules/@img/sharp-libvips-linux-x64': '/Users/bram/Documents/times-table-fsrs/node_modules/@img/.sharp-libvips-linux-x64-2F56GlvO',
108 silly reify   '/Users/bram/Documents/times-table-fsrs/node_modules/@img/sharp-libvips-linux-ppc64': '/Users/bram/Documents/times-table-fsrs/node_modules/@img/.sharp-libvips-linux-ppc64-TJXUFwx6',
108 silly reify   '/Users/bram/Documents/times-table-fsrs/node_modules/@img/sharp-libvips-linuxmusl-arm64': '/Users/bram/Documents/times-table-fsrs/node_modules/@img/.sharp-libvips-linuxmusl-arm64-k1a1SPLq',
108 silly reify   '/Users/bram/Documents/times-table-fsrs/node_modules/@img/sharp-linux-arm': '/Users/bram/Documents/times-table-fsrs/node_modules/@img/.sharp-linux-arm-AFqGRY6d',
108 silly reify   '/Users/bram/Documents/times-table-fsrs/node_modules/@img/sharp-libvips-linuxmusl-x64': '/Users/bram/Documents/times-table-fsrs/node_modules/@img/.sharp-libvips-linuxmusl-x64-oNogdDcq',
108 silly reify   '/Users/bram/Documents/times-table-fsrs/node_modules/@img/sharp-linux-ppc64': '/Users/bram/Documents/times-table-fsrs/node_modules/@img/.sharp-linux-ppc64-aMyS5JGS',
108 silly reify   '/Users/bram/Documents/times-table-fsrs/node_modules/@img/sharp-libvips-darwin-arm64': '/Users/bram/Documents/times-table-fsrs/node_modules/@img/.sharp-libvips-darwin-arm64-YxJUMWZP',
108 silly reify   '/Users/bram/Documents/times-table-fsrs/node_modules/@img/sharp-linux-s390x': '/Users/bram/Documents/times-table-fsrs/node_modules/@img/.sharp-linux-s390x-jkFhz6AI',
108 silly reify   '/Users/bram/Documents/times-table-fsrs/node_modules/@img/sharp-linuxmusl-arm64': '/Users/bram/Documents/times-table-fsrs/node_modules/@img/.sharp-linuxmusl-arm64-Q3kR62Z9',
108 silly reify   '/Users/bram/Documents/times-table-fsrs/node_modules/@img/sharp-linuxmusl-x64': '/Users/bram/Documents/times-table-fsrs/node_modules/@img/.sharp-linuxmusl-x64-C7AKSzey',
108 silly reify   '/Users/bram/Documents/times-table-fsrs/node_modules/@img/sharp-linux-x64': '/Users/bram/Documents/times-table-fsrs/node_modules/@img/.sharp-linux-x64-6FenCHcL',
108 silly reify   '/Users/bram/Documents/times-table-fsrs/node_modules/@img/sharp-wasm32': '/Users/bram/Documents/times-table-fsrs/node_modules/@img/.sharp-wasm32-zjhYF4H0',
108 silly reify   '/Users/bram/Documents/times-table-fsrs/node_modules/@img/sharp-win32-arm64': '/Users/bram/Documents/times-table-fsrs/node_modules/@img/.sharp-win32-arm64-qYwjytLL',
108 silly reify   '/Users/bram/Documents/times-table-fsrs/node_modules/@img/sharp-win32-ia32': '/Users/bram/Documents/times-table-fsrs/node_modules/@img/.sharp-win32-ia32-l06xccDm',
108 silly reify   '/Users/bram/Documents/times-table-fsrs/node_modules/@img/sharp-win32-x64': '/Users/bram/Documents/times-table-fsrs/node_modules/@img/.sharp-win32-x64-2sea2MW7',
108 silly reify   '/Users/bram/Documents/times-table-fsrs/node_modules/@jridgewell/gen-mapping': '/Users/bram/Documents/times-table-fsrs/node_modules/@jridgewell/.gen-mapping-Xrob5wLw',
108 silly reify   '/Users/bram/Documents/times-table-fsrs/node_modules/@isaacs/fs-minipass': '/Users/bram/Documents/times-table-fsrs/node_modules/@isaacs/.fs-minipass-BxfQ2CW0',
108 silly reify   '/Users/bram/Documents/times-table-fsrs/node_modules/@jridgewell/sourcemap-codec': '/Users/bram/Documents/times-table-fsrs/node_modules/@jridgewell/.sourcemap-codec-HSsV6m5N',
108 silly reify   '/Users/bram/Documents/times-table-fsrs/node_modules/@jridgewell/trace-mapping': '/Users/bram/Documents/times-table-fsrs/node_modules/@jridgewell/.trace-mapping-zx0AZCI1',
108 silly reify   '/Users/bram/Documents/times-table-fsrs/node_modules/@jridgewell/remapping': '/Users/bram/Documents/times-table-fsrs/node_modules/@jridgewell/.remapping-Pj7vf2XC',
108 silly reify   '/Users/bram/Documents/times-table-fsrs/node_modules/@next/env': '/Users/bram/Documents/times-table-fsrs/node_modules/@next/.env-1GOngXNS',
108 silly reify   '/Users/bram/Documents/times-table-fsrs/node_modules/@next/swc-darwin-arm64': '/Users/bram/Documents/times-table-fsrs/node_modules/@next/.swc-darwin-arm64-PCh8xkar',
108 silly reify   '/Users/bram/Documents/times-table-fsrs/node_modules/@next/swc-darwin-x64': '/Users/bram/Documents/times-table-fsrs/node_modules/@next/.swc-darwin-x64-iWZo73ve',
108 silly reify   '/Users/bram/Documents/times-table-fsrs/node_modules/@next/swc-linux-arm64-gnu': '/Users/bram/Documents/times-table-fsrs/node_modules/@next/.swc-linux-arm64-gnu-tGgG416L',
108 silly reify   '/Users/bram/Documents/times-table-fsrs/node_modules/@next/swc-linux-arm64-musl': '/Users/bram/Documents/times-table-fsrs/node_modules/@next/.swc-linux-arm64-musl-GxAyCrHe',
108 silly reify   '/Users/bram/Documents/times-table-fsrs/node_modules/@next/swc-linux-x64-musl': '/Users/bram/Documents/times-table-fsrs/node_modules/@next/.swc-linux-x64-musl-ogkfbMeY',
108 silly reify   '/Users/bram/Documents/times-table-fsrs/node_modules/@next/swc-win32-arm64-msvc': '/Users/bram/Documents/times-table-fsrs/node_modules/@next/.swc-win32-arm64-msvc-5vRzXC95',
108 silly reify   '/Users/bram/Documents/times-table-fsrs/node_modules/@next/swc-win32-x64-msvc': '/Users/bram/Documents/times-table-fsrs/node_modules/@next/.swc-win32-x64-msvc-Glo0otAe',
108 silly reify   '/Users/bram/Documents/times-table-fsrs/node_modules/@swc/helpers': '/Users/bram/Documents/times-table-fsrs/node_modules/@swc/.helpers-ZE5CWnrV',
108 silly reify   '/Users/bram/Documents/times-table-fsrs/node_modules/@tailwindcss/oxide': '/Users/bram/Documents/times-table-fsrs/node_modules/@tailwindcss/.oxide-HdI0VD7h',
108 silly reify   '/Users/bram/Documents/times-table-fsrs/node_modules/@next/swc-linux-x64-gnu': '/Users/bram/Documents/times-table-fsrs/node_modules/@next/.swc-linux-x64-gnu-wpNuNwTU',
108 silly reify   '/Users/bram/Documents/times-table-fsrs/node_modules/@tailwindcss/node': '/Users/bram/Documents/times-table-fsrs/node_modules/@tailwindcss/.node-mGRcnhOx',
108 silly reify   '/Users/bram/Documents/times-table-fsrs/node_modules/@tailwindcss/oxide-android-arm64': '/Users/bram/Documents/times-table-fsrs/node_modules/@tailwindcss/.oxide-android-arm64-DHYiCj7k',
108 silly reify   '/Users/bram/Documents/times-table-fsrs/node_modules/@tailwindcss/oxide-darwin-arm64': '/Users/bram/Documents/times-table-fsrs/node_modules/@tailwindcss/.oxide-darwin-arm64-6Ab8b7wC',
108 silly reify   '/Users/bram/Documents/times-table-fsrs/node_modules/@tailwindcss/oxide-darwin-x64': '/Users/bram/Documents/times-table-fsrs/node_modules/@tailwindcss/.oxide-darwin-x64-LcCTUoaQ',
108 silly reify   '/Users/bram/Documents/times-table-fsrs/node_modules/@tailwindcss/oxide-freebsd-x64': '/Users/bram/Documents/times-table-fsrs/node_modules/@tailwindcss/.oxide-freebsd-x64-RRi5TXPs',
108 silly reify   '/Users/bram/Documents/times-table-fsrs/node_modules/@tailwindcss/oxide-linux-arm-gnueabihf': '/Users/bram/Documents/times-table-fsrs/node_modules/@tailwindcss/.oxide-linux-arm-gnueabihf-o3nPFiMA',
108 silly reify   '/Users/bram/Documents/times-table-fsrs/node_modules/@tailwindcss/oxide-linux-arm64-gnu': '/Users/bram/Documents/times-table-fsrs/node_modules/@tailwindcss/.oxide-linux-arm64-gnu-ItPMkudP',
108 silly reify   '/Users/bram/Documents/times-table-fsrs/node_modules/@tailwindcss/oxide-linux-arm64-musl': '/Users/bram/Documents/times-table-fsrs/node_modules/@tailwindcss/.oxide-linux-arm64-musl-sU5RyRKx',
108 silly reify   '/Users/bram/Documents/times-table-fsrs/node_modules/@tailwindcss/oxide-wasm32-wasi': '/Users/bram/Documents/times-table-fsrs/node_modules/@tailwindcss/.oxide-wasm32-wasi-fDxpmnLI',
108 silly reify   '/Users/bram/Documents/times-table-fsrs/node_modules/@tailwindcss/oxide-linux-x64-gnu': '/Users/bram/Documents/times-table-fsrs/node_modules/@tailwindcss/.oxide-linux-x64-gnu-aqoZKu9N',
108 silly reify   '/Users/bram/Documents/times-table-fsrs/node_modules/@tailwindcss/oxide-linux-x64-musl': '/Users/bram/Documents/times-table-fsrs/node_modules/@tailwindcss/.oxide-linux-x64-musl-VhJsiyTa',
108 silly reify   '/Users/bram/Documents/times-table-fsrs/node_modules/@tailwindcss/oxide-win32-x64-msvc': '/Users/bram/Documents/times-table-fsrs/node_modules/@tailwindcss/.oxide-win32-x64-msvc-xI8xQmze',
108 silly reify   '/Users/bram/Documents/times-table-fsrs/node_modules/@tailwindcss/postcss': '/Users/bram/Documents/times-table-fsrs/node_modules/@tailwindcss/.postcss-3ApQuaRm',
108 silly reify   '/Users/bram/Documents/times-table-fsrs/node_modules/@types/node': '/Users/bram/Documents/times-table-fsrs/node_modules/@types/.node-8WUac12d',
108 silly reify   '/Users/bram/Documents/times-table-fsrs/node_modules/@tailwindcss/oxide-win32-arm64-msvc': '/Users/bram/Documents/times-table-fsrs/node_modules/@tailwindcss/.oxide-win32-arm64-msvc-YnEJ3taK',
108 silly reify   '/Users/bram/Documents/times-table-fsrs/node_modules/@types/react': '/Users/bram/Documents/times-table-fsrs/node_modules/@types/.react-mWdtuLKF',
108 silly reify   '/Users/bram/Documents/times-table-fsrs/node_modules/@types/react-dom': '/Users/bram/Documents/times-table-fsrs/node_modules/@types/.react-dom-IedxCCa3',
108 silly reify   '/Users/bram/Documents/times-table-fsrs/node_modules/nanoid': '/Users/bram/Documents/times-table-fsrs/node_modules/.nanoid-URqFqF0h',
108 silly reify   '/Users/bram/Documents/times-table-fsrs/node_modules/.bin/nanoid': '/Users/bram/Documents/times-table-fsrs/node_modules/.bin/.nanoid-Hy1iPtDv',
108 silly reify   '/Users/bram/Documents/times-table-fsrs/node_modules/semver': '/Users/bram/Documents/times-table-fsrs/node_modules/.semver-HoAxBCn2',
108 silly reify   '/Users/bram/Documents/times-table-fsrs/node_modules/.bin/semver': '/Users/bram/Documents/times-table-fsrs/node_modules/.bin/.semver-9C9GOV1n'
108 silly reify }
109 verbose reify failed optional dependency /Users/bram/Documents/times-table-fsrs/node_modules/@tailwindcss/oxide-wasm32-wasi
110 silly reify mark deleted [
110 silly reify   '/Users/bram/Documents/times-table-fsrs/node_modules/@tailwindcss/oxide-wasm32-wasi'
110 silly reify ]
111 silly audit bulk request {
111 silly audit   '@alloc/quick-lru': [ '5.2.0' ],
111 silly audit   '@biomejs/biome': [ '2.2.0' ],
111 silly audit   '@biomejs/cli-darwin-arm64': [ '2.2.0' ],
111 silly audit   '@biomejs/cli-darwin-x64': [ '2.2.0' ],
111 silly audit   '@biomejs/cli-linux-arm64': [ '2.2.0' ],
111 silly audit   '@biomejs/cli-linux-arm64-musl': [ '2.2.0' ],
111 silly audit   '@biomejs/cli-linux-x64': [ '2.2.0' ],
111 silly audit   '@biomejs/cli-linux-x64-musl': [ '2.2.0' ],
111 silly audit   '@biomejs/cli-win32-arm64': [ '2.2.0' ],
111 silly audit   '@biomejs/cli-win32-x64': [ '2.2.0' ],
111 silly audit   '@emnapi/runtime': [ '1.5.0' ],
111 silly audit   '@img/sharp-darwin-arm64': [ '0.34.3' ],
111 silly audit   '@img/sharp-darwin-x64': [ '0.34.3' ],
111 silly audit   '@img/sharp-libvips-darwin-arm64': [ '1.2.0' ],
111 silly audit   '@img/sharp-libvips-linux-arm': [ '1.2.0' ],
111 silly audit   '@img/sharp-libvips-linux-ppc64': [ '1.2.0' ],
111 silly audit   '@img/sharp-libvips-linux-s390x': [ '1.2.0' ],
111 silly audit   '@img/sharp-libvips-linux-x64': [ '1.2.0' ],
111 silly audit   '@img/sharp-libvips-linuxmusl-arm64': [ '1.2.0' ],
111 silly audit   '@img/sharp-libvips-linuxmusl-x64': [ '1.2.0' ],
111 silly audit   '@img/sharp-linux-arm': [ '0.34.3' ],
111 silly audit   '@img/sharp-linux-ppc64': [ '0.34.3' ],
111 silly audit   '@img/sharp-linux-s390x': [ '0.34.3' ],
111 silly audit   '@img/sharp-linux-x64': [ '0.34.3' ],
111 silly audit   '@img/sharp-linuxmusl-arm64': [ '0.34.3' ],
111 silly audit   '@img/sharp-linuxmusl-x64': [ '0.34.3' ],
111 silly audit   '@img/sharp-wasm32': [ '0.34.3' ],
111 silly audit   '@img/sharp-win32-arm64': [ '0.34.3' ],
111 silly audit   '@img/sharp-win32-ia32': [ '0.34.3' ],
111 silly audit   '@img/sharp-win32-x64': [ '0.34.3' ],
111 silly audit   '@isaacs/fs-minipass': [ '4.0.1' ],
111 silly audit   '@jridgewell/gen-mapping': [ '0.3.13' ],
111 silly audit   '@jridgewell/remapping': [ '2.3.5' ],
111 silly audit   '@jridgewell/resolve-uri': [ '3.1.2' ],
111 silly audit   '@jridgewell/sourcemap-codec': [ '1.5.5' ],
111 silly audit   '@jridgewell/trace-mapping': [ '0.3.30' ],
111 silly audit   '@next/env': [ '15.5.2' ],
111 silly audit   '@next/swc-darwin-arm64': [ '15.5.2' ],
111 silly audit   '@next/swc-darwin-x64': [ '15.5.2' ],
111 silly audit   '@next/swc-linux-arm64-gnu': [ '15.5.2' ],
111 silly audit   '@next/swc-linux-arm64-musl': [ '15.5.2' ],
111 silly audit   '@next/swc-linux-x64-gnu': [ '15.5.2' ],
111 silly audit   '@next/swc-linux-x64-musl': [ '15.5.2' ],
111 silly audit   '@next/swc-win32-arm64-msvc': [ '15.5.2' ],
111 silly audit   '@next/swc-win32-x64-msvc': [ '15.5.2' ],
111 silly audit   '@swc/helpers': [ '0.5.15' ],
111 silly audit   '@tailwindcss/node': [ '4.1.13' ],
111 silly audit   '@tailwindcss/oxide': [ '4.1.13' ],
111 silly audit   '@tailwindcss/oxide-android-arm64': [ '4.1.13' ],
111 silly audit   '@tailwindcss/oxide-darwin-arm64': [ '4.1.13' ],
111 silly audit   '@tailwindcss/oxide-darwin-x64': [ '4.1.13' ],
111 silly audit   '@tailwindcss/oxide-freebsd-x64': [ '4.1.13' ],
111 silly audit   '@tailwindcss/oxide-linux-arm-gnueabihf': [ '4.1.13' ],
111 silly audit   '@tailwindcss/oxide-linux-arm64-gnu': [ '4.1.13' ],
111 silly audit   '@tailwindcss/oxide-linux-arm64-musl': [ '4.1.13' ],
111 silly audit   '@tailwindcss/oxide-linux-x64-gnu': [ '4.1.13' ],
111 silly audit   '@tailwindcss/oxide-linux-x64-musl': [ '4.1.13' ],
111 silly audit   '@tailwindcss/oxide-win32-arm64-msvc': [ '4.1.13' ],
111 silly audit   '@tailwindcss/oxide-win32-x64-msvc': [ '4.1.13' ],
111 silly audit   '@tailwindcss/postcss': [ '4.1.13' ],
111 silly audit   '@types/node': [ '20.19.13' ],
111 silly audit   '@types/react': [ '19.1.12' ],
111 silly audit   '@types/react-dom': [ '19.1.9' ],
111 silly audit   'caniuse-lite': [ '1.0.30001741' ],
111 silly audit   chownr: [ '3.0.0' ],
111 silly audit   'client-only': [ '0.0.1' ],
111 silly audit   color: [ '4.2.3' ],
111 silly audit   'color-convert': [ '2.0.1' ],
111 silly audit   'color-name': [ '1.1.4' ],
111 silly audit   'color-string': [ '1.9.1' ],
111 silly audit   csstype: [ '3.1.3' ],
111 silly audit   'detect-libc': [ '2.0.4' ],
111 silly audit   'enhanced-resolve': [ '5.18.3' ],
111 silly audit   'graceful-fs': [ '4.2.11' ],
111 silly audit   'is-arrayish': [ '0.3.2' ],
111 silly audit   jiti: [ '2.5.1' ],
111 silly audit   lightningcss: [ '1.30.1' ],
111 silly audit   'lightningcss-darwin-arm64': [ '1.30.1' ],
111 silly audit   'lightningcss-darwin-x64': [ '1.30.1' ],
111 silly audit   'lightningcss-freebsd-x64': [ '1.30.1' ],
111 silly audit   'lightningcss-linux-arm-gnueabihf': [ '1.30.1' ],
111 silly audit   'lightningcss-linux-arm64-gnu': [ '1.30.1' ],
111 silly audit   'lightningcss-linux-arm64-musl': [ '1.30.1' ],
111 silly audit   'lightningcss-linux-x64-gnu': [ '1.30.1' ],
111 silly audit   'lightningcss-linux-x64-musl': [ '1.30.1' ],
111 silly audit   'lightningcss-win32-arm64-msvc': [ '1.30.1' ],
111 silly audit   'lightningcss-win32-x64-msvc': [ '1.30.1' ],
111 silly audit   'magic-string': [ '0.30.18' ],
111 silly audit   minipass: [ '7.1.2' ],
111 silly audit   minizlib: [ '3.0.2' ],
111 silly audit   mkdirp: [ '3.0.1' ],
111 silly audit   nanoid: [ '3.3.11' ],
111 silly audit   next: [ '15.5.2' ],
111 silly audit   postcss: [ '8.4.31', '8.5.6' ],
111 silly audit   picocolors: [ '1.1.1' ],
111 silly audit   react: [ '19.1.0' ],
111 silly audit   'react-dom': [ '19.1.0' ],
111 silly audit   scheduler: [ '0.26.0' ],
111 silly audit   semver: [ '7.7.2' ],
111 silly audit   sharp: [ '0.34.3' ],
111 silly audit   'simple-swizzle': [ '0.2.2' ],
111 silly audit   'source-map-js': [ '1.2.1' ],
111 silly audit   'styled-jsx': [ '5.1.6' ],
111 silly audit   tailwindcss: [ '4.1.13' ],
111 silly audit   tapable: [ '2.2.3' ],
111 silly audit   tar: [ '7.4.3' ],
111 silly audit   'ts-fsrs': [ '5.2.3' ],
111 silly audit   tslib: [ '2.8.1' ],
111 silly audit   typescript: [ '5.9.2' ],
111 silly audit   'undici-types': [ '6.21.0' ],
111 silly audit   yallist: [ '5.0.0' ],
111 silly audit   '@tailwindcss/oxide-wasm32-wasi': [ '4.1.13' ]
111 silly audit }
112 verbose reify failed optional dependency /Users/bram/Documents/times-table-fsrs/node_modules/@tailwindcss/oxide-win32-arm64-msvc
113 silly reify mark deleted [
113 silly reify   '/Users/bram/Documents/times-table-fsrs/node_modules/@tailwindcss/oxide-win32-arm64-msvc'
113 silly reify ]
114 verbose reify failed optional dependency /Users/bram/Documents/times-table-fsrs/node_modules/@tailwindcss/oxide-win32-x64-msvc
115 silly reify mark deleted [
115 silly reify   '/Users/bram/Documents/times-table-fsrs/node_modules/@tailwindcss/oxide-win32-x64-msvc'
115 silly reify ]
116 verbose reify failed optional dependency /Users/bram/Documents/times-table-fsrs/node_modules/@tailwindcss/oxide-linux-x64-musl
117 silly reify mark deleted [
117 silly reify   '/Users/bram/Documents/times-table-fsrs/node_modules/@tailwindcss/oxide-linux-x64-musl'
117 silly reify ]
118 verbose reify failed optional dependency /Users/bram/Documents/times-table-fsrs/node_modules/@tailwindcss/oxide-linux-x64-gnu
119 silly reify mark deleted [
119 silly reify   '/Users/bram/Documents/times-table-fsrs/node_modules/@tailwindcss/oxide-linux-x64-gnu'
119 silly reify ]
120 verbose reify failed optional dependency /Users/bram/Documents/times-table-fsrs/node_modules/@tailwindcss/oxide-linux-arm64-musl
121 silly reify mark deleted [
121 silly reify   '/Users/bram/Documents/times-table-fsrs/node_modules/@tailwindcss/oxide-linux-arm64-musl'
121 silly reify ]
122 verbose reify failed optional dependency /Users/bram/Documents/times-table-fsrs/node_modules/@tailwindcss/oxide-linux-arm64-gnu
123 silly reify mark deleted [
123 silly reify   '/Users/bram/Documents/times-table-fsrs/node_modules/@tailwindcss/oxide-linux-arm64-gnu'
123 silly reify ]
124 verbose reify failed optional dependency /Users/bram/Documents/times-table-fsrs/node_modules/@tailwindcss/oxide-linux-arm-gnueabihf
125 silly reify mark deleted [
125 silly reify   '/Users/bram/Documents/times-table-fsrs/node_modules/@tailwindcss/oxide-linux-arm-gnueabihf'
125 silly reify ]
126 verbose reify failed optional dependency /Users/bram/Documents/times-table-fsrs/node_modules/@tailwindcss/oxide-freebsd-x64
127 silly reify mark deleted [
127 silly reify   '/Users/bram/Documents/times-table-fsrs/node_modules/@tailwindcss/oxide-freebsd-x64'
127 silly reify ]
128 verbose reify failed optional dependency /Users/bram/Documents/times-table-fsrs/node_modules/@tailwindcss/oxide-darwin-arm64
129 silly reify mark deleted [
129 silly reify   '/Users/bram/Documents/times-table-fsrs/node_modules/@tailwindcss/oxide-darwin-arm64'
129 silly reify ]
130 verbose reify failed optional dependency /Users/bram/Documents/times-table-fsrs/node_modules/@tailwindcss/oxide-android-arm64
131 silly reify mark deleted [
131 silly reify   '/Users/bram/Documents/times-table-fsrs/node_modules/@tailwindcss/oxide-android-arm64'
131 silly reify ]
132 verbose reify failed optional dependency /Users/bram/Documents/times-table-fsrs/node_modules/@next/swc-linux-x64-gnu
133 silly reify mark deleted [
133 silly reify   '/Users/bram/Documents/times-table-fsrs/node_modules/@next/swc-linux-x64-gnu'
133 silly reify ]
134 verbose reify failed optional dependency /Users/bram/Documents/times-table-fsrs/node_modules/@next/swc-win32-x64-msvc
135 silly reify mark deleted [
135 silly reify   '/Users/bram/Documents/times-table-fsrs/node_modules/@next/swc-win32-x64-msvc'
135 silly reify ]
136 verbose reify failed optional dependency /Users/bram/Documents/times-table-fsrs/node_modules/@next/swc-win32-arm64-msvc
137 silly reify mark deleted [
137 silly reify   '/Users/bram/Documents/times-table-fsrs/node_modules/@next/swc-win32-arm64-msvc'
137 silly reify ]
138 verbose reify failed optional dependency /Users/bram/Documents/times-table-fsrs/node_modules/@next/swc-linux-x64-musl
139 silly reify mark deleted [
139 silly reify   '/Users/bram/Documents/times-table-fsrs/node_modules/@next/swc-linux-x64-musl'
139 silly reify ]
140 verbose reify failed optional dependency /Users/bram/Documents/times-table-fsrs/node_modules/@next/swc-linux-arm64-musl
141 silly reify mark deleted [
141 silly reify   '/Users/bram/Documents/times-table-fsrs/node_modules/@next/swc-linux-arm64-musl'
141 silly reify ]
142 verbose reify failed optional dependency /Users/bram/Documents/times-table-fsrs/node_modules/@next/swc-linux-arm64-gnu
143 silly reify mark deleted [
143 silly reify   '/Users/bram/Documents/times-table-fsrs/node_modules/@next/swc-linux-arm64-gnu'
143 silly reify ]
144 verbose reify failed optional dependency /Users/bram/Documents/times-table-fsrs/node_modules/@next/swc-darwin-arm64
145 silly reify mark deleted [
145 silly reify   '/Users/bram/Documents/times-table-fsrs/node_modules/@next/swc-darwin-arm64'
145 silly reify ]
146 verbose reify failed optional dependency /Users/bram/Documents/times-table-fsrs/node_modules/@img/sharp-win32-x64
147 silly reify mark deleted [
147 silly reify   '/Users/bram/Documents/times-table-fsrs/node_modules/@img/sharp-win32-x64'
147 silly reify ]
148 verbose reify failed optional dependency /Users/bram/Documents/times-table-fsrs/node_modules/@img/sharp-win32-ia32
149 silly reify mark deleted [
149 silly reify   '/Users/bram/Documents/times-table-fsrs/node_modules/@img/sharp-win32-ia32'
149 silly reify ]
150 verbose reify failed optional dependency /Users/bram/Documents/times-table-fsrs/node_modules/@img/sharp-win32-arm64
151 silly reify mark deleted [
151 silly reify   '/Users/bram/Documents/times-table-fsrs/node_modules/@img/sharp-win32-arm64'
151 silly reify ]
152 verbose reify failed optional dependency /Users/bram/Documents/times-table-fsrs/node_modules/@img/sharp-wasm32
153 silly reify mark deleted [
153 silly reify   '/Users/bram/Documents/times-table-fsrs/node_modules/@img/sharp-wasm32'
153 silly reify ]
154 verbose reify failed optional dependency /Users/bram/Documents/times-table-fsrs/node_modules/@img/sharp-linux-x64
155 silly reify mark deleted [
155 silly reify   '/Users/bram/Documents/times-table-fsrs/node_modules/@img/sharp-linux-x64'
155 silly reify ]
156 verbose reify failed optional dependency /Users/bram/Documents/times-table-fsrs/node_modules/@img/sharp-linuxmusl-x64
157 silly reify mark deleted [
157 silly reify   '/Users/bram/Documents/times-table-fsrs/node_modules/@img/sharp-linuxmusl-x64'
157 silly reify ]
158 verbose reify failed optional dependency /Users/bram/Documents/times-table-fsrs/node_modules/@img/sharp-linuxmusl-arm64
159 silly reify mark deleted [
159 silly reify   '/Users/bram/Documents/times-table-fsrs/node_modules/@img/sharp-linuxmusl-arm64'
159 silly reify ]
160 verbose reify failed optional dependency /Users/bram/Documents/times-table-fsrs/node_modules/@img/sharp-linux-s390x
161 silly reify mark deleted [
161 silly reify   '/Users/bram/Documents/times-table-fsrs/node_modules/@img/sharp-linux-s390x'
161 silly reify ]
162 verbose reify failed optional dependency /Users/bram/Documents/times-table-fsrs/node_modules/@img/sharp-libvips-darwin-arm64
163 silly reify mark deleted [
163 silly reify   '/Users/bram/Documents/times-table-fsrs/node_modules/@img/sharp-libvips-darwin-arm64'
163 silly reify ]
164 verbose reify failed optional dependency /Users/bram/Documents/times-table-fsrs/node_modules/@img/sharp-linux-ppc64
165 silly reify mark deleted [
165 silly reify   '/Users/bram/Documents/times-table-fsrs/node_modules/@img/sharp-linux-ppc64'
165 silly reify ]
166 verbose reify failed optional dependency /Users/bram/Documents/times-table-fsrs/node_modules/@img/sharp-libvips-linuxmusl-x64
167 silly reify mark deleted [
167 silly reify   '/Users/bram/Documents/times-table-fsrs/node_modules/@img/sharp-libvips-linuxmusl-x64'
167 silly reify ]
168 verbose reify failed optional dependency /Users/bram/Documents/times-table-fsrs/node_modules/@img/sharp-linux-arm
169 silly reify mark deleted [
169 silly reify   '/Users/bram/Documents/times-table-fsrs/node_modules/@img/sharp-linux-arm'
169 silly reify ]
170 verbose reify failed optional dependency /Users/bram/Documents/times-table-fsrs/node_modules/@img/sharp-libvips-linuxmusl-arm64
171 silly reify mark deleted [
171 silly reify   '/Users/bram/Documents/times-table-fsrs/node_modules/@img/sharp-libvips-linuxmusl-arm64'
171 silly reify ]
172 verbose reify failed optional dependency /Users/bram/Documents/times-table-fsrs/node_modules/@img/sharp-libvips-linux-ppc64
173 silly reify mark deleted [
173 silly reify   '/Users/bram/Documents/times-table-fsrs/node_modules/@img/sharp-libvips-linux-ppc64'
173 silly reify ]
174 verbose reify failed optional dependency /Users/bram/Documents/times-table-fsrs/node_modules/@img/sharp-libvips-linux-x64
175 silly reify mark deleted [
175 silly reify   '/Users/bram/Documents/times-table-fsrs/node_modules/@img/sharp-libvips-linux-x64'
175 silly reify ]
176 verbose reify failed optional dependency /Users/bram/Documents/times-table-fsrs/node_modules/@img/sharp-libvips-linux-s390x
177 silly reify mark deleted [
177 silly reify   '/Users/bram/Documents/times-table-fsrs/node_modules/@img/sharp-libvips-linux-s390x'
177 silly reify ]
178 verbose reify failed optional dependency /Users/bram/Documents/times-table-fsrs/node_modules/@img/sharp-libvips-linux-arm
179 silly reify mark deleted [
179 silly reify   '/Users/bram/Documents/times-table-fsrs/node_modules/@img/sharp-libvips-linux-arm'
179 silly reify ]
180 verbose reify failed optional dependency /Users/bram/Documents/times-table-fsrs/node_modules/@img/sharp-darwin-arm64
181 silly reify mark deleted [
181 silly reify   '/Users/bram/Documents/times-table-fsrs/node_modules/@img/sharp-darwin-arm64'
181 silly reify ]
182 verbose reify failed optional dependency /Users/bram/Documents/times-table-fsrs/node_modules/@biomejs/cli-linux-arm64-musl
183 silly reify mark deleted [
183 silly reify   '/Users/bram/Documents/times-table-fsrs/node_modules/@biomejs/cli-linux-arm64-musl'
183 silly reify ]
184 verbose reify failed optional dependency /Users/bram/Documents/times-table-fsrs/node_modules/@biomejs/cli-win32-x64
185 silly reify mark deleted [
185 silly reify   '/Users/bram/Documents/times-table-fsrs/node_modules/@biomejs/cli-win32-x64'
185 silly reify ]
186 verbose reify failed optional dependency /Users/bram/Documents/times-table-fsrs/node_modules/@biomejs/cli-linux-x64-musl
187 silly reify mark deleted [
187 silly reify   '/Users/bram/Documents/times-table-fsrs/node_modules/@biomejs/cli-linux-x64-musl'
187 silly reify ]
188 verbose reify failed optional dependency /Users/bram/Documents/times-table-fsrs/node_modules/@biomejs/cli-win32-arm64
189 silly reify mark deleted [
189 silly reify   '/Users/bram/Documents/times-table-fsrs/node_modules/@biomejs/cli-win32-arm64'
189 silly reify ]
190 verbose reify failed optional dependency /Users/bram/Documents/times-table-fsrs/node_modules/@biomejs/cli-darwin-arm64
191 silly reify mark deleted [
191 silly reify   '/Users/bram/Documents/times-table-fsrs/node_modules/@biomejs/cli-darwin-arm64'
191 silly reify ]
192 verbose reify failed optional dependency /Users/bram/Documents/times-table-fsrs/node_modules/@biomejs/cli-linux-x64
193 silly reify mark deleted [
193 silly reify   '/Users/bram/Documents/times-table-fsrs/node_modules/@biomejs/cli-linux-x64'
193 silly reify ]
194 verbose reify failed optional dependency /Users/bram/Documents/times-table-fsrs/node_modules/@biomejs/cli-linux-arm64
195 silly reify mark deleted [
195 silly reify   '/Users/bram/Documents/times-table-fsrs/node_modules/@biomejs/cli-linux-arm64'
195 silly reify ]
196 verbose reify failed optional dependency /Users/bram/Documents/times-table-fsrs/node_modules/lightningcss-win32-x64-msvc
197 silly reify mark deleted [
197 silly reify   '/Users/bram/Documents/times-table-fsrs/node_modules/lightningcss-win32-x64-msvc'
197 silly reify ]
198 verbose reify failed optional dependency /Users/bram/Documents/times-table-fsrs/node_modules/lightningcss-linux-x64-musl
199 silly reify mark deleted [
199 silly reify   '/Users/bram/Documents/times-table-fsrs/node_modules/lightningcss-linux-x64-musl'
199 silly reify ]
200 verbose reify failed optional dependency /Users/bram/Documents/times-table-fsrs/node_modules/lightningcss-linux-arm64-gnu
201 silly reify mark deleted [
201 silly reify   '/Users/bram/Documents/times-table-fsrs/node_modules/lightningcss-linux-arm64-gnu'
201 silly reify ]
202 verbose reify failed optional dependency /Users/bram/Documents/times-table-fsrs/node_modules/lightningcss-win32-arm64-msvc
203 silly reify mark deleted [
203 silly reify   '/Users/bram/Documents/times-table-fsrs/node_modules/lightningcss-win32-arm64-msvc'
203 silly reify ]
204 verbose reify failed optional dependency /Users/bram/Documents/times-table-fsrs/node_modules/lightningcss-linux-arm-gnueabihf
205 silly reify mark deleted [
205 silly reify   '/Users/bram/Documents/times-table-fsrs/node_modules/lightningcss-linux-arm-gnueabihf'
205 silly reify ]
206 verbose reify failed optional dependency /Users/bram/Documents/times-table-fsrs/node_modules/lightningcss-linux-x64-gnu
207 silly reify mark deleted [
207 silly reify   '/Users/bram/Documents/times-table-fsrs/node_modules/lightningcss-linux-x64-gnu'
207 silly reify ]
208 verbose reify failed optional dependency /Users/bram/Documents/times-table-fsrs/node_modules/lightningcss-freebsd-x64
209 silly reify mark deleted [
209 silly reify   '/Users/bram/Documents/times-table-fsrs/node_modules/lightningcss-freebsd-x64'
209 silly reify ]
210 verbose reify failed optional dependency /Users/bram/Documents/times-table-fsrs/node_modules/lightningcss-linux-arm64-musl
211 silly reify mark deleted [
211 silly reify   '/Users/bram/Documents/times-table-fsrs/node_modules/lightningcss-linux-arm64-musl'
211 silly reify ]
212 verbose reify failed optional dependency /Users/bram/Documents/times-table-fsrs/node_modules/lightningcss-darwin-arm64
213 silly reify mark deleted [
213 silly reify   '/Users/bram/Documents/times-table-fsrs/node_modules/lightningcss-darwin-arm64'
213 silly reify ]
214 silly audit bulk request failed undefined
215 verbose audit error FetchError: request to https://registry.npmjs.org/-/npm/v1/security/audits/quick failed, reason: getaddrinfo ENOTFOUND registry.npmjs.org
215 verbose audit error     at ClientRequest.<anonymous> (/usr/local/lib/node_modules/npm/node_modules/minipass-fetch/lib/index.js:130:14)
215 verbose audit error     at ClientRequest.emit (node:events:513:28)
215 verbose audit error     at emitErrorEvent (node:_http_client:104:11)
215 verbose audit error     at _destroy (node:_http_client:898:9)
215 verbose audit error     at onSocketNT (node:_http_client:918:5)
215 verbose audit error     at process.processTicksAndRejections (node:internal/process/task_queues:91:21) {
215 verbose audit error   code: 'ENOTFOUND',
215 verbose audit error   errno: 'ENOTFOUND',
215 verbose audit error   syscall: 'getaddrinfo',
215 verbose audit error   hostname: 'registry.npmjs.org',
215 verbose audit error   type: 'system'
215 verbose audit error }
216 silly audit error undefined
217 silly audit report null
218 http cache @types/react-dom@https://registry.npmjs.org/@types/react-dom/-/react-dom-19.1.9.tgz 0ms (cache hit)
219 http cache @types/react@https://registry.npmjs.org/@types/react/-/react-19.1.12.tgz 0ms (cache hit)
220 http cache @types/node@https://registry.npmjs.org/@types/node/-/node-20.19.13.tgz 0ms (cache hit)
221 http cache @tailwindcss/oxide-darwin-x64@https://registry.npmjs.org/@tailwindcss/oxide-darwin-x64/-/oxide-darwin-x64-4.1.13.tgz 0ms (cache hit)
222 http cache @tailwindcss/node@https://registry.npmjs.org/@tailwindcss/node/-/node-4.1.13.tgz 0ms (cache hit)
223 http cache @tailwindcss/oxide@https://registry.npmjs.org/@tailwindcss/oxide/-/oxide-4.1.13.tgz 0ms (cache hit)
224 http cache @swc/helpers@https://registry.npmjs.org/@swc/helpers/-/helpers-0.5.15.tgz 0ms (cache hit)
225 http cache @tailwindcss/postcss@https://registry.npmjs.org/@tailwindcss/postcss/-/postcss-4.1.13.tgz 0ms (cache hit)
226 http cache @next/swc-darwin-x64@https://registry.npmjs.org/@next/swc-darwin-x64/-/swc-darwin-x64-15.5.2.tgz 0ms (cache hit)
227 http cache @next/env@https://registry.npmjs.org/@next/env/-/env-15.5.2.tgz 0ms (cache hit)
228 http cache @jridgewell/remapping@https://registry.npmjs.org/@jridgewell/remapping/-/remapping-2.3.5.tgz 0ms (cache hit)
229 http cache @jridgewell/sourcemap-codec@https://registry.npmjs.org/@jridgewell/sourcemap-codec/-/sourcemap-codec-1.5.5.tgz 0ms (cache hit)
230 http cache @jridgewell/trace-mapping@https://registry.npmjs.org/@jridgewell/trace-mapping/-/trace-mapping-0.3.30.tgz 0ms (cache hit)
231 http cache @isaacs/fs-minipass@https://registry.npmjs.org/@isaacs/fs-minipass/-/fs-minipass-4.0.1.tgz 0ms (cache hit)
232 http cache nanoid@https://registry.npmjs.org/nanoid/-/nanoid-3.3.11.tgz 0ms (cache hit)
233 http cache @jridgewell/gen-mapping@https://registry.npmjs.org/@jridgewell/gen-mapping/-/gen-mapping-0.3.13.tgz 0ms (cache hit)
234 http cache @img/sharp-darwin-x64@https://registry.npmjs.org/@img/sharp-darwin-x64/-/sharp-darwin-x64-0.34.3.tgz 0ms (cache hit)
235 http cache @biomejs/cli-darwin-x64@https://registry.npmjs.org/@biomejs/cli-darwin-x64/-/cli-darwin-x64-2.2.0.tgz 0ms (cache hit)
236 http cache @biomejs/biome@https://registry.npmjs.org/@biomejs/biome/-/biome-2.2.0.tgz 0ms (cache hit)
237 http cache typescript@https://registry.npmjs.org/typescript/-/typescript-5.9.2.tgz 0ms (cache hit)
238 http cache @emnapi/runtime@https://registry.npmjs.org/@emnapi/runtime/-/runtime-1.5.0.tgz 0ms (cache hit)
239 http cache yallist@https://registry.npmjs.org/yallist/-/yallist-5.0.0.tgz 0ms (cache hit)
240 http cache ts-fsrs@https://registry.npmjs.org/ts-fsrs/-/ts-fsrs-5.2.3.tgz 0ms (cache hit)
241 http cache tar@https://registry.npmjs.org/tar/-/tar-7.4.3.tgz 0ms (cache hit)
242 http cache tailwindcss@https://registry.npmjs.org/tailwindcss/-/tailwindcss-4.1.13.tgz 0ms (cache hit)
243 http cache tapable@https://registry.npmjs.org/tapable/-/tapable-2.2.3.tgz 0ms (cache hit)
244 http cache styled-jsx@https://registry.npmjs.org/styled-jsx/-/styled-jsx-5.1.6.tgz 0ms (cache hit)
245 http cache sharp@https://registry.npmjs.org/sharp/-/sharp-0.34.3.tgz 0ms (cache hit)
246 http cache semver@https://registry.npmjs.org/semver/-/semver-7.7.2.tgz 0ms (cache hit)
247 http cache next@https://registry.npmjs.org/next/-/next-15.5.2.tgz 0ms (cache hit)
248 http cache magic-string@https://registry.npmjs.org/magic-string/-/magic-string-0.30.18.tgz 0ms (cache hit)
249 http cache mkdirp@https://registry.npmjs.org/mkdirp/-/mkdirp-3.0.1.tgz 0ms (cache hit)
250 http cache minizlib@https://registry.npmjs.org/minizlib/-/minizlib-3.0.2.tgz 0ms (cache hit)
251 http cache lightningcss-darwin-x64@https://registry.npmjs.org/lightningcss-darwin-x64/-/lightningcss-darwin-x64-1.30.1.tgz 0ms (cache hit)
252 http cache enhanced-resolve@https://registry.npmjs.org/enhanced-resolve/-/enhanced-resolve-5.18.3.tgz 0ms (cache hit)
253 http cache lightningcss@https://registry.npmjs.org/lightningcss/-/lightningcss-1.30.1.tgz 0ms (cache hit)
254 http cache jiti@https://registry.npmjs.org/jiti/-/jiti-2.5.1.tgz 0ms (cache hit)
255 http cache color@https://registry.npmjs.org/color/-/color-4.2.3.tgz 0ms (cache hit)
256 http cache detect-libc@https://registry.npmjs.org/detect-libc/-/detect-libc-2.0.4.tgz 0ms (cache hit)
257 http cache chownr@https://registry.npmjs.org/chownr/-/chownr-3.0.0.tgz 0ms (cache hit)
258 http cache caniuse-lite@https://registry.npmjs.org/caniuse-lite/-/caniuse-lite-1.0.30001741.tgz 0ms (cache hit)
259 http cache postcss@https://registry.npmjs.org/postcss/-/postcss-8.4.31.tgz 0ms (cache hit)
260 silly tarball no local data for @types/react-dom@https://registry.npmjs.org/@types/react-dom/-/react-dom-19.1.9.tgz. Extracting by manifest.
261 silly tarball no local data for @types/react@https://registry.npmjs.org/@types/react/-/react-19.1.12.tgz. Extracting by manifest.
262 silly tarball no local data for @types/node@https://registry.npmjs.org/@types/node/-/node-20.19.13.tgz. Extracting by manifest.
263 silly tarball no local data for @tailwindcss/oxide-darwin-x64@https://registry.npmjs.org/@tailwindcss/oxide-darwin-x64/-/oxide-darwin-x64-4.1.13.tgz. Extracting by manifest.
264 silly tarball no local data for @tailwindcss/node@https://registry.npmjs.org/@tailwindcss/node/-/node-4.1.13.tgz. Extracting by manifest.
265 silly tarball no local data for @tailwindcss/oxide@https://registry.npmjs.org/@tailwindcss/oxide/-/oxide-4.1.13.tgz. Extracting by manifest.
266 silly tarball no local data for @swc/helpers@https://registry.npmjs.org/@swc/helpers/-/helpers-0.5.15.tgz. Extracting by manifest.
267 silly tarball no local data for @tailwindcss/postcss@https://registry.npmjs.org/@tailwindcss/postcss/-/postcss-4.1.13.tgz. Extracting by manifest.
268 silly tarball no local data for @next/swc-darwin-x64@https://registry.npmjs.org/@next/swc-darwin-x64/-/swc-darwin-x64-15.5.2.tgz. Extracting by manifest.
269 silly tarball no local data for @next/env@https://registry.npmjs.org/@next/env/-/env-15.5.2.tgz. Extracting by manifest.
270 silly tarball no local data for @jridgewell/remapping@https://registry.npmjs.org/@jridgewell/remapping/-/remapping-2.3.5.tgz. Extracting by manifest.
271 silly tarball no local data for @jridgewell/sourcemap-codec@https://registry.npmjs.org/@jridgewell/sourcemap-codec/-/sourcemap-codec-1.5.5.tgz. Extracting by manifest.
272 silly tarball no local data for @jridgewell/trace-mapping@https://registry.npmjs.org/@jridgewell/trace-mapping/-/trace-mapping-0.3.30.tgz. Extracting by manifest.
273 silly tarball no local data for @isaacs/fs-minipass@https://registry.npmjs.org/@isaacs/fs-minipass/-/fs-minipass-4.0.1.tgz. Extracting by manifest.
274 silly tarball no local data for nanoid@https://registry.npmjs.org/nanoid/-/nanoid-3.3.11.tgz. Extracting by manifest.
275 silly tarball no local data for @jridgewell/gen-mapping@https://registry.npmjs.org/@jridgewell/gen-mapping/-/gen-mapping-0.3.13.tgz. Extracting by manifest.
276 silly tarball no local data for @img/sharp-darwin-x64@https://registry.npmjs.org/@img/sharp-darwin-x64/-/sharp-darwin-x64-0.34.3.tgz. Extracting by manifest.
277 silly tarball no local data for @biomejs/cli-darwin-x64@https://registry.npmjs.org/@biomejs/cli-darwin-x64/-/cli-darwin-x64-2.2.0.tgz. Extracting by manifest.
278 silly tarball no local data for @biomejs/biome@https://registry.npmjs.org/@biomejs/biome/-/biome-2.2.0.tgz. Extracting by manifest.
279 silly tarball no local data for typescript@https://registry.npmjs.org/typescript/-/typescript-5.9.2.tgz. Extracting by manifest.
280 silly tarball no local data for @emnapi/runtime@https://registry.npmjs.org/@emnapi/runtime/-/runtime-1.5.0.tgz. Extracting by manifest.
281 silly tarball no local data for yallist@https://registry.npmjs.org/yallist/-/yallist-5.0.0.tgz. Extracting by manifest.
282 silly tarball no local data for ts-fsrs@https://registry.npmjs.org/ts-fsrs/-/ts-fsrs-5.2.3.tgz. Extracting by manifest.
283 silly tarball no local data for tar@https://registry.npmjs.org/tar/-/tar-7.4.3.tgz. Extracting by manifest.
284 silly tarball no local data for tailwindcss@https://registry.npmjs.org/tailwindcss/-/tailwindcss-4.1.13.tgz. Extracting by manifest.
285 silly tarball no local data for tapable@https://registry.npmjs.org/tapable/-/tapable-2.2.3.tgz. Extracting by manifest.
286 silly tarball no local data for styled-jsx@https://registry.npmjs.org/styled-jsx/-/styled-jsx-5.1.6.tgz. Extracting by manifest.
287 silly tarball no local data for sharp@https://registry.npmjs.org/sharp/-/sharp-0.34.3.tgz. Extracting by manifest.
288 silly tarball no local data for semver@https://registry.npmjs.org/semver/-/semver-7.7.2.tgz. Extracting by manifest.
289 silly tarball no local data for next@https://registry.npmjs.org/next/-/next-15.5.2.tgz. Extracting by manifest.
290 silly tarball no local data for magic-string@https://registry.npmjs.org/magic-string/-/magic-string-0.30.18.tgz. Extracting by manifest.
291 silly tarball no local data for mkdirp@https://registry.npmjs.org/mkdirp/-/mkdirp-3.0.1.tgz. Extracting by manifest.
292 silly tarball no local data for minizlib@https://registry.npmjs.org/minizlib/-/minizlib-3.0.2.tgz. Extracting by manifest.
293 silly tarball no local data for lightningcss-darwin-x64@https://registry.npmjs.org/lightningcss-darwin-x64/-/lightningcss-darwin-x64-1.30.1.tgz. Extracting by manifest.
294 silly tarball no local data for enhanced-resolve@https://registry.npmjs.org/enhanced-resolve/-/enhanced-resolve-5.18.3.tgz. Extracting by manifest.
295 silly tarball no local data for lightningcss@https://registry.npmjs.org/lightningcss/-/lightningcss-1.30.1.tgz. Extracting by manifest.
296 silly tarball no local data for jiti@https://registry.npmjs.org/jiti/-/jiti-2.5.1.tgz. Extracting by manifest.
297 silly tarball no local data for color@https://registry.npmjs.org/color/-/color-4.2.3.tgz. Extracting by manifest.
298 silly tarball no local data for detect-libc@https://registry.npmjs.org/detect-libc/-/detect-libc-2.0.4.tgz. Extracting by manifest.
299 silly tarball no local data for chownr@https://registry.npmjs.org/chownr/-/chownr-3.0.0.tgz. Extracting by manifest.
300 silly tarball no local data for caniuse-lite@https://registry.npmjs.org/caniuse-lite/-/caniuse-lite-1.0.30001741.tgz. Extracting by manifest.
301 silly tarball no local data for postcss@https://registry.npmjs.org/postcss/-/postcss-8.4.31.tgz. Extracting by manifest.
302 http fetch GET https://registry.npmjs.org/@types/react-dom/-/react-dom-19.1.9.tgz attempt 1 failed with ENOTFOUND
303 http fetch GET https://registry.npmjs.org/@types/react/-/react-19.1.12.tgz attempt 1 failed with ENOTFOUND
304 http fetch GET https://registry.npmjs.org/@types/node/-/node-20.19.13.tgz attempt 1 failed with ENOTFOUND
305 http fetch GET https://registry.npmjs.org/@tailwindcss/oxide-darwin-x64/-/oxide-darwin-x64-4.1.13.tgz attempt 1 failed with ENOTFOUND
306 http fetch GET https://registry.npmjs.org/@tailwindcss/node/-/node-4.1.13.tgz attempt 1 failed with ENOTFOUND
307 http fetch GET https://registry.npmjs.org/@tailwindcss/oxide/-/oxide-4.1.13.tgz attempt 1 failed with ENOTFOUND
308 http fetch GET https://registry.npmjs.org/@swc/helpers/-/helpers-0.5.15.tgz attempt 1 failed with ENOTFOUND
309 http fetch GET https://registry.npmjs.org/@tailwindcss/postcss/-/postcss-4.1.13.tgz attempt 1 failed with ENOTFOUND
310 http fetch GET https://registry.npmjs.org/@next/swc-darwin-x64/-/swc-darwin-x64-15.5.2.tgz attempt 1 failed with ENOTFOUND
311 http fetch GET https://registry.npmjs.org/@next/env/-/env-15.5.2.tgz attempt 1 failed with ENOTFOUND
312 http fetch GET https://registry.npmjs.org/@jridgewell/remapping/-/remapping-2.3.5.tgz attempt 1 failed with ENOTFOUND
313 http fetch GET https://registry.npmjs.org/@jridgewell/sourcemap-codec/-/sourcemap-codec-1.5.5.tgz attempt 1 failed with ENOTFOUND
314 http fetch GET https://registry.npmjs.org/@jridgewell/trace-mapping/-/trace-mapping-0.3.30.tgz attempt 1 failed with ENOTFOUND
315 http fetch GET https://registry.npmjs.org/@isaacs/fs-minipass/-/fs-minipass-4.0.1.tgz attempt 1 failed with ENOTFOUND
316 http fetch GET https://registry.npmjs.org/nanoid/-/nanoid-3.3.11.tgz attempt 1 failed with ENOTFOUND
317 http fetch GET https://registry.npmjs.org/npm attempt 2 failed with ENOTFOUND
318 http fetch GET https://registry.npmjs.org/@types/react-dom/-/react-dom-19.1.9.tgz attempt 2 failed with ENOTFOUND
319 http fetch GET https://registry.npmjs.org/@types/react/-/react-19.1.12.tgz attempt 2 failed with ENOTFOUND
320 http fetch GET https://registry.npmjs.org/@types/node/-/node-20.19.13.tgz attempt 2 failed with ENOTFOUND
321 http fetch GET https://registry.npmjs.org/@tailwindcss/oxide-darwin-x64/-/oxide-darwin-x64-4.1.13.tgz attempt 2 failed with ENOTFOUND
322 http fetch GET https://registry.npmjs.org/@tailwindcss/node/-/node-4.1.13.tgz attempt 2 failed with ENOTFOUND
323 http fetch GET https://registry.npmjs.org/@tailwindcss/oxide/-/oxide-4.1.13.tgz attempt 2 failed with ENOTFOUND
324 http fetch GET https://registry.npmjs.org/@swc/helpers/-/helpers-0.5.15.tgz attempt 2 failed with ENOTFOUND
325 http fetch GET https://registry.npmjs.org/@tailwindcss/postcss/-/postcss-4.1.13.tgz attempt 2 failed with ENOTFOUND
326 http fetch GET https://registry.npmjs.org/@next/swc-darwin-x64/-/swc-darwin-x64-15.5.2.tgz attempt 2 failed with ENOTFOUND
327 http fetch GET https://registry.npmjs.org/@next/env/-/env-15.5.2.tgz attempt 2 failed with ENOTFOUND
328 http fetch GET https://registry.npmjs.org/@jridgewell/remapping/-/remapping-2.3.5.tgz attempt 2 failed with ENOTFOUND
329 http fetch GET https://registry.npmjs.org/@jridgewell/sourcemap-codec/-/sourcemap-codec-1.5.5.tgz attempt 2 failed with ENOTFOUND
330 http fetch GET https://registry.npmjs.org/@jridgewell/trace-mapping/-/trace-mapping-0.3.30.tgz attempt 2 failed with ENOTFOUND
331 http fetch GET https://registry.npmjs.org/@isaacs/fs-minipass/-/fs-minipass-4.0.1.tgz attempt 2 failed with ENOTFOUND
332 http fetch GET https://registry.npmjs.org/nanoid/-/nanoid-3.3.11.tgz attempt 2 failed with ENOTFOUND
333 http fetch GET https://registry.npmjs.org/npm attempt 3 failed with ENOTFOUND
334 http fetch GET https://registry.npmjs.org/@types/react-dom/-/react-dom-19.1.9.tgz attempt 3 failed with ENOTFOUND
335 http fetch GET https://registry.npmjs.org/@types/react/-/react-19.1.12.tgz attempt 3 failed with ENOTFOUND
336 http fetch GET https://registry.npmjs.org/@types/node/-/node-20.19.13.tgz attempt 3 failed with ENOTFOUND
337 http fetch GET https://registry.npmjs.org/@tailwindcss/oxide-darwin-x64/-/oxide-darwin-x64-4.1.13.tgz attempt 3 failed with ENOTFOUND
338 verbose reify failed optional dependency /Users/bram/Documents/times-table-fsrs/node_modules/@tailwindcss/oxide-darwin-x64
339 silly reify mark deleted [
339 silly reify   '/Users/bram/Documents/times-table-fsrs/node_modules/@tailwindcss/oxide-darwin-x64'
339 silly reify ]
340 http fetch GET https://registry.npmjs.org/@tailwindcss/node/-/node-4.1.13.tgz attempt 3 failed with ENOTFOUND
341 http fetch GET https://registry.npmjs.org/@tailwindcss/oxide/-/oxide-4.1.13.tgz attempt 3 failed with ENOTFOUND
342 http fetch GET https://registry.npmjs.org/@swc/helpers/-/helpers-0.5.15.tgz attempt 3 failed with ENOTFOUND
343 http fetch GET https://registry.npmjs.org/@tailwindcss/postcss/-/postcss-4.1.13.tgz attempt 3 failed with ENOTFOUND
344 http fetch GET https://registry.npmjs.org/@next/swc-darwin-x64/-/swc-darwin-x64-15.5.2.tgz attempt 3 failed with ENOTFOUND
345 verbose reify failed optional dependency /Users/bram/Documents/times-table-fsrs/node_modules/@next/swc-darwin-x64
346 silly reify mark deleted [
346 silly reify   '/Users/bram/Documents/times-table-fsrs/node_modules/@next/swc-darwin-x64'
346 silly reify ]
347 http fetch GET https://registry.npmjs.org/@next/env/-/env-15.5.2.tgz attempt 3 failed with ENOTFOUND
348 http fetch GET https://registry.npmjs.org/@jridgewell/remapping/-/remapping-2.3.5.tgz attempt 3 failed with ENOTFOUND
349 http fetch GET https://registry.npmjs.org/@jridgewell/sourcemap-codec/-/sourcemap-codec-1.5.5.tgz attempt 3 failed with ENOTFOUND
350 http fetch GET https://registry.npmjs.org/@jridgewell/trace-mapping/-/trace-mapping-0.3.30.tgz attempt 3 failed with ENOTFOUND
351 http fetch GET https://registry.npmjs.org/@isaacs/fs-minipass/-/fs-minipass-4.0.1.tgz attempt 3 failed with ENOTFOUND
352 http fetch GET https://registry.npmjs.org/nanoid/-/nanoid-3.3.11.tgz attempt 3 failed with ENOTFOUND
353 verbose cwd /Users/bram/Documents/times-table-fsrs
354 verbose os Darwin 23.5.0
355 verbose node v23.5.0
356 verbose npm  v10.9.2
357 error Exit handler never called!
358 error This is an error with npm itself. Please report this error at:
359 error   <https://github.com/npm/cli/issues>
360 verbose exit 1
361 verbose code 1
362 error A complete log of this run can be found in: /Users/bram/Documents/times-table-fsrs/.npm-logs/2025-10-20T18_57_34_389Z-debug-0.log
